Using pre-set license
Built from '2020.3/staging' branch; Version is '2020.3.13f1 (71691879b7f5) revision 7432472'; Using compiler version '192528614'; Build Type 'Release'
OS: 'Windows 10 Pro; OS build 19042.1110; Version 2009; 64bit' Language: 'ru' Physical Memory: 16332 MB
BatchMode: 1, IsHumanControllingUs: 0, StartBugReporterOnCrash: 0, Is64bit: 1, IsPro: 0

 COMMAND LINE ARGUMENTS:
E:\UnityHub\2020.3.13f1\Editor\Unity.exe
-adb2
-batchMode
-noUpm
-name
AssetImportWorker0
-projectPath
E:/projectfolder/kolyan
-logFile
Logs/AssetImportWorker0.log
-srvPort
65146
Successfully changed project path to: E:/projectfolder/kolyan
E:/projectfolder/kolyan
Using Asset Import Pipeline V2.
Refreshing native plugins compatible for Editor in 125.88 ms, found 2 plugins.
Preloading 0 native plugins for Editor in 0.00 ms.
Initialize engine version: 2020.3.13f1 (71691879b7f5)
[Subsystems] Discovering subsystems at path E:/UnityHub/2020.3.13f1/Editor/Data/Resources/UnitySubsystems
[Subsystems] Discovering subsystems at path E:/projectfolder/kolyan/Assets
GfxDevice: creating device client; threaded=0
Direct3D:
    Version:  Direct3D 11.0 [level 11.1]
    Renderer: NVIDIA GeForce GTX 1050 Ti (ID=0x1c82)
    Vendor:   
    VRAM:     4018 MB
    Driver:   27.21.14.6192
Initialize mono
Mono path[0] = 'E:/UnityHub/2020.3.13f1/Editor/Data/Managed'
Mono path[1] = 'E:/UnityHub/2020.3.13f1/Editor/Data/MonoBleedingEdge/lib/mono/unityjit'
Mono config path = 'E:/UnityHub/2020.3.13f1/Editor/Data/MonoBleedingEdge/etc'
Using monoOptions --debugger-agent=transport=dt_socket,embedding=1,server=y,suspend=n,address=127.0.0.1:56980
Begin MonoManager ReloadAssembly
Registering precompiled unity dll's ...
Register platform support module: E:/UnityHub/2020.3.13f1/Editor/Data/PlaybackEngines/WebGLSupport/UnityEditor.WebGL.Extensions.dll
Register platform support module: E:/UnityHub/2020.3.13f1/Editor/Data/PlaybackEngines/WindowsStandaloneSupport/UnityEditor.WindowsStandalone.Extensions.dll
Registered in 0.002931 seconds.
Native extension for WindowsStandalone target not found
Native extension for WebGL target not found
Refreshing native plugins compatible for Editor in 116.15 ms, found 2 plugins.
Preloading 0 native plugins for Editor in 0.00 ms.
Mono: successfully reloaded assembly
- Completed reload, in  2.796 seconds
Platform modules already initialized, skipping
Registering precompiled user dll's ...
Registered in 0.012511 seconds.
Begin MonoManager ReloadAssembly
Native extension for WindowsStandalone target not found
Native extension for WebGL target not found
Refreshing native plugins compatible for Editor in 1.44 ms, found 2 plugins.
Preloading 0 native plugins for Editor in 0.00 ms.
Mono: successfully reloaded assembly
- Completed reload, in  2.547 seconds
Platform modules already initialized, skipping
========================================================================
Worker process is ready to serve import requests
Launched and connected shader compiler UnityShaderCompiler.exe after 0.12 seconds
Refreshing native plugins compatible for Editor in 1.02 ms, found 2 plugins.
Preloading 0 native plugins for Editor in 0.00 ms.
Unloading 1900 Unused Serialized files (Serialized files now loaded: 0)
System memory in use before: 158.7 MB.
System memory in use after: 158.7 MB.

Unloading 45 unused Assets to reduce memory usage. Loaded Objects now: 2323.
Total: 4.501900 ms (FindLiveObjects: 0.437000 ms CreateObjectMapping: 0.135900 ms MarkObjects: 3.722100 ms  DeleteObjects: 0.205300 ms)

AssetImportParameters requested are different than current active one (requested -> active):
  custom:framework-win-MediaFoundation: 216162199b28c13a410421893ffa2e32 -> 
  custom:video-decoder-ogg-theora: a1e56fd34408186e4bbccfd4996cb3dc -> 
  custom:container-muxer-webm: aa71ff27fc2769a1b78a27578f13a17b -> 
  custom:container-demuxer-webm: 4f35f7cbe854078d1ac9338744f61a02 -> 
  custom:container-demuxer-ogg: 62fdf1f143b41e24485cea50d1cbac27 -> 
  custom:video-encoder-webm-vp8: eb34c28f22e8b96e1ab97ce403110664 -> 
  custom:video-decoder-webm-vp8: 9c59270c3fd7afecdb556c50c9e8de78 -> 
  custom:audio-decoder-ogg-vorbis: bf7c407c2cedff20999df2af8eb42d56 -> 
  custom:audio-encoder-webm-vorbis: bf7c407c2cedff20999df2af8eb42d56 -> 
========================================================================
Received Import Request.
  path: ProjectSettings/TagManager.asset
  artifactKey: Guid(00000000000000003000000000000000) Importer(815301076,1909f56bfc062723c751e8b465ee728b)
Start importing ProjectSettings/TagManager.asset using Guid(00000000000000003000000000000000) Importer(815301076,1909f56bfc062723c751e8b465ee728b)  -> (artifact id: '95df672b4aaba54310d34c83eef51bb8') in 0.068251 seconds 
  Import took 0.095814 seconds .

========================================================================
Received Import Request.
  Time since last request: 376.098426 seconds.
  path: Assets/Scenes/SampleScene_Profiles/GlobalPost  Profile.asset
  artifactKey: Guid(595b37c486dd403478e4c978def6d88a) Importer(815301076,1909f56bfc062723c751e8b465ee728b)
Start importing Assets/Scenes/SampleScene_Profiles/GlobalPost  Profile.asset using Guid(595b37c486dd403478e4c978def6d88a) Importer(815301076,1909f56bfc062723c751e8b465ee728b)  -> (artifact id: 'e2662a90c7fe80bdcfb892eff1cb4644') in 0.005209 seconds 
  Import took 0.023692 seconds .

========================================================================
Received Import Request.
  Time since last request: 74.720263 seconds.
  path: Assets/Scenes/SampleScene_Profiles/GlobalPost  Profile.asset
  artifactKey: Guid(595b37c486dd403478e4c978def6d88a) Importer(815301076,1909f56bfc062723c751e8b465ee728b)
Start importing Assets/Scenes/SampleScene_Profiles/GlobalPost  Profile.asset using Guid(595b37c486dd403478e4c978def6d88a) Importer(815301076,1909f56bfc062723c751e8b465ee728b)  -> (artifact id: '4903689e3dbb7977b24c61f58e657b85') in 0.037761 seconds 
  Import took 0.054964 seconds .

========================================================================
Received Import Request.
  Time since last request: 0.005989 seconds.
  path: Assets/Scenes/SampleScene_Profiles/GlobalPost  Profile.asset
  artifactKey: Guid(595b37c486dd403478e4c978def6d88a) Importer(815301076,1909f56bfc062723c751e8b465ee728b)
Start importing Assets/Scenes/SampleScene_Profiles/GlobalPost  Profile.asset using Guid(595b37c486dd403478e4c978def6d88a) Importer(815301076,1909f56bfc062723c751e8b465ee728b)  -> (artifact id: '4903689e3dbb7977b24c61f58e657b85') in 0.004510 seconds 
  Import took 0.010256 seconds .

========================================================================
Received Import Request.
  Time since last request: 283.511602 seconds.
  path: Assets/Scenes/SampleScene_Profiles/GlobalPost  Profile.asset
  artifactKey: Guid(595b37c486dd403478e4c978def6d88a) Importer(815301076,1909f56bfc062723c751e8b465ee728b)
Start importing Assets/Scenes/SampleScene_Profiles/GlobalPost  Profile.asset using Guid(595b37c486dd403478e4c978def6d88a) Importer(815301076,1909f56bfc062723c751e8b465ee728b)  -> (artifact id: 'b38637d0026d5337c87b62a2a543e776') in 0.009601 seconds 
  Import took 0.040941 seconds .

========================================================================
Received Import Request.
  Time since last request: 25.177270 seconds.
  path: Assets/Scenes/SampleScene_Profiles/GlobalPost  Profile.asset
  artifactKey: Guid(595b37c486dd403478e4c978def6d88a) Importer(815301076,1909f56bfc062723c751e8b465ee728b)
Start importing Assets/Scenes/SampleScene_Profiles/GlobalPost  Profile.asset using Guid(595b37c486dd403478e4c978def6d88a) Importer(815301076,1909f56bfc062723c751e8b465ee728b)  -> (artifact id: '92da85d48d4d6b11e1dfa3abae3ab907') in 0.008577 seconds 
  Import took 0.024847 seconds .

========================================================================
Received Import Request.
  Time since last request: 209.101554 seconds.
  path: Assets/Scenes/SampleScene_Profiles/GlobalPost  Profile.asset
  artifactKey: Guid(595b37c486dd403478e4c978def6d88a) Importer(815301076,1909f56bfc062723c751e8b465ee728b)
Start importing Assets/Scenes/SampleScene_Profiles/GlobalPost  Profile.asset using Guid(595b37c486dd403478e4c978def6d88a) Importer(815301076,1909f56bfc062723c751e8b465ee728b)  -> (artifact id: 'bd790be244ae7b00c37d71882953dfda') in 0.007506 seconds 
  Import took 0.022268 seconds .

========================================================================
Received Import Request.
  Time since last request: 80.125402 seconds.
  path: Assets/Scenes/SampleScene_Profiles/GlobalPost  Profile.asset
  artifactKey: Guid(595b37c486dd403478e4c978def6d88a) Importer(815301076,1909f56bfc062723c751e8b465ee728b)
Start importing Assets/Scenes/SampleScene_Profiles/GlobalPost  Profile.asset using Guid(595b37c486dd403478e4c978def6d88a) Importer(815301076,1909f56bfc062723c751e8b465ee728b)  -> (artifact id: 'deeb1f8052b932babbfa3d66b1cac3ae') in 0.007479 seconds 
  Import took 0.027718 seconds .

========================================================================
Received Import Request.
  Time since last request: 70.665262 seconds.
  path: Assets/Scenes/SampleScene_Profiles/GlobalPost  Profile.asset
  artifactKey: Guid(595b37c486dd403478e4c978def6d88a) Importer(815301076,1909f56bfc062723c751e8b465ee728b)
Start importing Assets/Scenes/SampleScene_Profiles/GlobalPost  Profile.asset using Guid(595b37c486dd403478e4c978def6d88a) Importer(815301076,1909f56bfc062723c751e8b465ee728b)  -> (artifact id: 'ccc9af301833ea869297c9cbf4c8bc1b') in 0.008211 seconds 
  Import took 0.021984 seconds .

========================================================================
Received Import Request.
  Time since last request: 81.323116 seconds.
  path: Assets/Scenes/SampleScene_Profiles/GlobalPost  Profile.asset
  artifactKey: Guid(595b37c486dd403478e4c978def6d88a) Importer(815301076,1909f56bfc062723c751e8b465ee728b)
Start importing Assets/Scenes/SampleScene_Profiles/GlobalPost  Profile.asset using Guid(595b37c486dd403478e4c978def6d88a) Importer(815301076,1909f56bfc062723c751e8b465ee728b)  -> (artifact id: '4ea2c0386fbe4cec382897f93f12d791') in 0.005551 seconds 
  Import took 0.017489 seconds .

========================================================================
Received Prepare
Registering precompiled user dll's ...
Registered in 0.010147 seconds.
Begin MonoManager ReloadAssembly
Native extension for WindowsStandalone target not found
Native extension for WebGL target not found
Refreshing native plugins compatible for Editor in 1.09 ms, found 2 plugins.
Preloading 0 native plugins for Editor in 0.00 ms.
Mono: successfully reloaded assembly
- Completed reload, in  2.769 seconds
Platform modules already initialized, skipping
Refreshing native plugins compatible for Editor in 1.32 ms, found 2 plugins.
Preloading 0 native plugins for Editor in 0.00 ms.
Unloading 1862 Unused Serialized files (Serialized files now loaded: 0)
System memory in use before: 155.6 MB.
System memory in use after: 155.7 MB.

Unloading 37 unused Assets to reduce memory usage. Loaded Objects now: 2325.
Total: 4.773600 ms (FindLiveObjects: 0.415200 ms CreateObjectMapping: 0.128500 ms MarkObjects: 4.103700 ms  DeleteObjects: 0.124500 ms)

AssetImportParameters requested are different than current active one (requested -> active):
  custom:framework-win-MediaFoundation: 216162199b28c13a410421893ffa2e32 -> 
  custom:video-decoder-ogg-theora: a1e56fd34408186e4bbccfd4996cb3dc -> 
  custom:container-muxer-webm: aa71ff27fc2769a1b78a27578f13a17b -> 
  custom:container-demuxer-webm: 4f35f7cbe854078d1ac9338744f61a02 -> 
  custom:container-demuxer-ogg: 62fdf1f143b41e24485cea50d1cbac27 -> 
  custom:video-encoder-webm-vp8: eb34c28f22e8b96e1ab97ce403110664 -> 
  custom:video-decoder-webm-vp8: 9c59270c3fd7afecdb556c50c9e8de78 -> 
  custom:audio-decoder-ogg-vorbis: bf7c407c2cedff20999df2af8eb42d56 -> 
  custom:audio-encoder-webm-vorbis: bf7c407c2cedff20999df2af8eb42d56 -> 
AssetImportWorkerClient::OnTransportError - code=2 error=End of file
